2022-05-11 09:14:14,546 INFO INIT: #stock: 88, #vocab+1: 29867
2022-05-11 09:14:14,548 INFO Start graph assembling...
2022-05-11 09:19:46,149 INFO INIT: #stock: 88, #vocab+1: 29867
2022-05-11 09:19:46,153 INFO Start graph assembling...
2022-05-11 09:22:27,898 INFO INIT: #stock: 88, #vocab+1: 29867
2022-05-11 09:22:27,900 INFO Start graph assembling...
2022-05-11 09:23:22,430 INFO INIT: #stock: 88, #vocab+1: 29867
2022-05-11 09:23:22,435 INFO Start graph assembling...
2022-05-11 09:24:24,231 INFO INIT: #stock: 88, #vocab+1: 29867
2022-05-11 09:24:24,239 INFO Start graph assembling...
2022-05-11 09:32:44,921 INFO INIT: #stock: 88, #vocab+1: 29867
2022-05-11 09:32:44,926 INFO Start graph assembling...
2022-05-11 09:33:23,672 INFO INIT: #stock: 88, #vocab+1: 29867
2022-05-11 09:33:23,676 INFO Start graph assembling...
2022-05-11 09:42:07,746 INFO INIT: #stock: 88, #vocab+1: 29867
2022-05-11 09:42:07,749 INFO Start graph assembling...
2022-05-11 09:45:29,973 INFO INIT: #stock: 88, #vocab+1: 29867
2022-05-11 09:45:29,975 INFO Start graph assembling...
2022-05-11 09:45:57,758 INFO INIT: #stock: 88, #vocab+1: 29867
2022-05-11 09:45:57,760 INFO Start graph assembling...
2022-05-11 09:46:29,940 INFO INIT: #stock: 88, #vocab+1: 29867
2022-05-11 09:46:29,943 INFO Start graph assembling...
2022-05-11 09:47:07,400 INFO INIT: #stock: 88, #vocab+1: 29867
2022-05-11 09:47:07,403 INFO Start graph assembling...
2022-05-11 09:47:37,137 INFO ASSEMBLE: word table #replacement: 20405
2022-05-11 09:47:37,513 INFO Word table init: done!
2022-05-11 09:47:37,513 INFO Model: all_days-11.msgs-1-words-512_word_embed-glove.vmd_in-hedge_alpha-0.5.anneal-0.005.rec-zh_batch-8.opt-adam.lr-0.001-drop-0.3-cell-gru, start a new session!
2022-05-11 09:47:37,514 INFO Epoch: 1/15 start
2022-05-11 09:50:02,752 INFO INIT: #stock: 88, #vocab+1: 29867
2022-05-11 09:50:02,755 INFO Start graph assembling...
2022-05-11 09:50:32,595 INFO ASSEMBLE: word table #replacement: 20405
2022-05-11 09:50:32,880 INFO Word table init: done!
2022-05-11 09:50:32,881 INFO Model: all_days-11.msgs-1-words-512_word_embed-glove.vmd_in-hedge_alpha-0.5.anneal-0.005.rec-zh_batch-8.opt-adam.lr-0.001-drop-0.3-cell-gru, start a new session!
2022-05-11 09:50:32,881 INFO Epoch: 1/15 start
2022-05-11 09:52:30,616 INFO INIT: #stock: 88, #vocab+1: 29867
2022-05-11 09:52:30,619 INFO Start graph assembling...
2022-05-11 09:53:00,766 INFO ASSEMBLE: word table #replacement: 20405
2022-05-11 09:53:01,055 INFO Word table init: done!
2022-05-11 09:53:01,055 INFO Model: all_days-11.msgs-1-words-512_word_embed-glove.vmd_in-hedge_alpha-0.5.anneal-0.005.rec-zh_batch-8.opt-adam.lr-0.001-drop-0.3-cell-gru, start a new session!
2022-05-11 09:53:01,056 INFO Epoch: 1/15 start
2022-05-11 09:54:18,323 INFO INIT: #stock: 88, #vocab+1: 29867
2022-05-11 09:54:18,326 INFO Start graph assembling...
2022-05-11 09:54:48,839 INFO ASSEMBLE: word table #replacement: 20405
2022-05-11 09:54:49,128 INFO Word table init: done!
2022-05-11 09:54:49,128 INFO Model: all_days-11.msgs-1-words-512_word_embed-glove.vmd_in-hedge_alpha-0.5.anneal-0.005.rec-zh_batch-8.opt-adam.lr-0.001-drop-0.3-cell-gru, start a new session!
2022-05-11 09:54:49,129 INFO Epoch: 1/15 start
2022-05-11 09:57:22,257 INFO INIT: #stock: 88, #vocab+1: 29867
2022-05-11 09:57:22,260 INFO Start graph assembling...
2022-05-11 09:57:52,040 INFO ASSEMBLE: word table #replacement: 20405
2022-05-11 09:57:52,325 INFO Word table init: done!
2022-05-11 09:57:52,325 INFO Model: all_days-11.msgs-1-words-512_word_embed-glove.vmd_in-hedge_alpha-0.5.anneal-0.005.rec-zh_batch-8.opt-adam.lr-0.001-drop-0.3-cell-gru, start a new session!
2022-05-11 09:57:52,325 INFO Epoch: 1/15 start
2022-05-11 09:59:41,193 INFO INIT: #stock: 88, #vocab+1: 29867
2022-05-11 09:59:41,195 INFO Start graph assembling...
2022-05-11 10:00:10,620 INFO ASSEMBLE: word table #replacement: 20405
2022-05-11 10:00:10,900 INFO Word table init: done!
2022-05-11 10:00:10,901 INFO Model: all_days-11.msgs-1-words-512_word_embed-glove.vmd_in-hedge_alpha-0.5.anneal-0.005.rec-zh_batch-8.opt-adam.lr-0.001-drop-0.3-cell-gru, start a new session!
2022-05-11 10:00:10,901 INFO Epoch: 1/15 start
2022-05-11 10:00:47,180 INFO INIT: #stock: 88, #vocab+1: 29867
2022-05-11 10:00:47,183 INFO Start graph assembling...
2022-05-11 10:01:16,753 INFO ASSEMBLE: word table #replacement: 20405
2022-05-11 10:01:17,045 INFO Word table init: done!
2022-05-11 10:01:17,045 INFO Model: all_days-11.msgs-1-words-512_word_embed-glove.vmd_in-hedge_alpha-0.5.anneal-0.005.rec-zh_batch-8.opt-adam.lr-0.001-drop-0.3-cell-gru, start a new session!
2022-05-11 10:01:17,045 INFO Epoch: 1/15 start
2022-05-11 10:02:47,206 INFO INIT: #stock: 88, #vocab+1: 29867
2022-05-11 10:02:47,209 INFO Start graph assembling...
2022-05-11 10:03:16,725 INFO ASSEMBLE: word table #replacement: 20405
2022-05-11 10:03:17,009 INFO Word table init: done!
2022-05-11 10:03:17,009 INFO Model: all_days-11.msgs-1-words-512_word_embed-glove.vmd_in-hedge_alpha-0.5.anneal-0.005.rec-zh_batch-8.opt-adam.lr-0.001-drop-0.3-cell-gru, start a new session!
2022-05-11 10:03:17,009 INFO Epoch: 1/15 start
2022-05-11 10:03:43,481 INFO INIT: #stock: 88, #vocab+1: 29867
2022-05-11 10:03:43,484 INFO Start graph assembling...
2022-05-11 10:04:13,094 INFO ASSEMBLE: word table #replacement: 20405
2022-05-11 10:04:13,381 INFO Word table init: done!
2022-05-11 10:04:13,382 INFO Model: all_days-11.msgs-1-words-512_word_embed-glove.vmd_in-hedge_alpha-0.5.anneal-0.005.rec-zh_batch-8.opt-adam.lr-0.001-drop-0.3-cell-gru, start a new session!
2022-05-11 10:04:13,382 INFO Epoch: 1/15 start
2022-05-11 10:04:38,739 INFO INIT: #stock: 88, #vocab+1: 29867
2022-05-11 10:04:38,742 INFO Start graph assembling...
2022-05-11 10:05:08,428 INFO ASSEMBLE: word table #replacement: 20405
2022-05-11 10:05:08,726 INFO Word table init: done!
2022-05-11 10:05:08,726 INFO Model: all_days-11.msgs-1-words-512_word_embed-glove.vmd_in-hedge_alpha-0.5.anneal-0.005.rec-zh_batch-8.opt-adam.lr-0.001-drop-0.3-cell-gru, start a new session!
2022-05-11 10:05:08,726 INFO Epoch: 1/15 start
2022-05-11 10:09:09,192 INFO INIT: #stock: 88, #vocab+1: 29867
2022-05-11 10:09:09,196 INFO Start graph assembling...
2022-05-11 10:09:38,847 INFO ASSEMBLE: word table #replacement: 20405
2022-05-11 10:09:39,132 INFO Word table init: done!
2022-05-11 10:09:39,133 INFO Model: all_days-11.msgs-1-words-512_word_embed-glove.vmd_in-hedge_alpha-0.5.anneal-0.005.rec-zh_batch-8.opt-adam.lr-0.001-drop-0.3-cell-gru, start a new session!
2022-05-11 10:09:39,133 INFO Epoch: 1/15 start
2022-05-11 10:11:24,915 INFO INIT: #stock: 88, #vocab+1: 29867
2022-05-11 10:11:24,918 INFO Start graph assembling...
2022-05-11 10:11:54,649 INFO ASSEMBLE: word table #replacement: 20405
2022-05-11 10:11:54,935 INFO Word table init: done!
2022-05-11 10:11:54,935 INFO Model: all_days-11.msgs-1-words-512_word_embed-glove.vmd_in-hedge_alpha-0.5.anneal-0.005.rec-zh_batch-8.opt-adam.lr-0.001-drop-0.3-cell-gru, start a new session!
2022-05-11 10:11:54,935 INFO Epoch: 1/15 start
2022-05-11 10:13:43,393 INFO INIT: #stock: 88, #vocab+1: 29867
2022-05-11 10:13:43,395 INFO Start graph assembling...
2022-05-11 10:14:21,251 INFO INIT: #stock: 88, #vocab+1: 29867
2022-05-11 10:14:21,254 INFO Start graph assembling...
2022-05-11 10:14:51,202 INFO ASSEMBLE: word table #replacement: 20405
2022-05-11 10:14:51,480 INFO Word table init: done!
2022-05-11 10:14:51,480 INFO Model: all_days-11.msgs-1-words-512_word_embed-glove.vmd_in-hedge_alpha-0.5.anneal-0.005.rec-zh_batch-8.opt-adam.lr-0.001-drop-0.3-cell-gru, start a new session!
2022-05-11 10:14:51,480 INFO Epoch: 1/15 start
2022-05-11 10:15:26,260 INFO INIT: #stock: 88, #vocab+1: 29867
2022-05-11 10:15:26,263 INFO Start graph assembling...
2022-05-11 10:15:55,727 INFO ASSEMBLE: word table #replacement: 20405
2022-05-11 10:15:56,008 INFO Word table init: done!
2022-05-11 10:15:56,009 INFO Model: all_days-11.msgs-1-words-512_word_embed-glove.vmd_in-hedge_alpha-0.5.anneal-0.005.rec-zh_batch-8.opt-adam.lr-0.001-drop-0.3-cell-gru, start a new session!
2022-05-11 10:15:56,009 INFO Epoch: 1/15 start
2022-05-11 10:17:23,895 INFO INIT: #stock: 88, #vocab+1: 29867
2022-05-11 10:17:23,898 INFO Start graph assembling...
2022-05-11 10:17:53,338 INFO ASSEMBLE: word table #replacement: 20405
2022-05-11 10:17:53,613 INFO Word table init: done!
2022-05-11 10:17:53,613 INFO Model: all_days-11.msgs-1-words-512_word_embed-glove.vmd_in-hedge_alpha-0.5.anneal-0.005.rec-zh_batch-8.opt-adam.lr-0.001-drop-0.3-cell-gru, start a new session!
2022-05-11 10:17:53,614 INFO Epoch: 1/15 start
2022-05-11 10:21:18,601 INFO INIT: #stock: 88, #vocab+1: 29867
2022-05-11 10:21:18,604 INFO Start graph assembling...
2022-05-11 10:21:48,635 INFO ASSEMBLE: word table #replacement: 20405
2022-05-11 10:21:48,926 INFO Word table init: done!
2022-05-11 10:21:48,927 INFO Model: all_days-11.msgs-1-words-512_word_embed-glove.vmd_in-hedge_alpha-0.5.anneal-0.005.rec-zh_batch-8.opt-adam.lr-0.001-drop-0.3-cell-gru, start a new session!
2022-05-11 10:21:48,927 INFO Epoch: 1/15 start
2022-05-11 10:23:29,729 INFO INIT: #stock: 88, #vocab+1: 29867
2022-05-11 10:23:29,732 INFO Start graph assembling...
2022-05-11 10:23:59,235 INFO ASSEMBLE: word table #replacement: 20405
2022-05-11 10:23:59,534 INFO Word table init: done!
2022-05-11 10:23:59,535 INFO Model: all_days-11.msgs-1-words-512_word_embed-glove.vmd_in-hedge_alpha-0.5.anneal-0.005.rec-zh_batch-8.opt-adam.lr-0.001-drop-0.3-cell-gru, start a new session!
2022-05-11 10:23:59,535 INFO Epoch: 1/15 start
2022-05-11 10:24:55,966 INFO INIT: #stock: 88, #vocab+1: 29867
2022-05-11 10:24:55,968 INFO Start graph assembling...
2022-05-11 10:25:25,725 INFO ASSEMBLE: word table #replacement: 20405
2022-05-11 10:25:26,026 INFO Word table init: done!
2022-05-11 10:25:26,027 INFO Model: all_days-11.msgs-1-words-512_word_embed-glove.vmd_in-hedge_alpha-0.5.anneal-0.005.rec-zh_batch-8.opt-adam.lr-0.001-drop-0.3-cell-gru, start a new session!
2022-05-11 10:25:26,027 INFO Epoch: 1/15 start
2022-05-11 10:27:00,607 INFO INIT: #stock: 88, #vocab+1: 29867
2022-05-11 10:27:00,610 INFO Start graph assembling...
2022-05-11 10:27:30,417 INFO ASSEMBLE: word table #replacement: 20405
2022-05-11 10:27:30,698 INFO Word table init: done!
2022-05-11 10:27:30,698 INFO Model: all_days-11.msgs-1-words-512_word_embed-glove.vmd_in-hedge_alpha-0.5.anneal-0.005.rec-zh_batch-8.opt-adam.lr-0.001-drop-0.3-cell-gru, start a new session!
2022-05-11 10:27:30,698 INFO Epoch: 1/15 start
2022-05-11 10:29:22,230 INFO INIT: #stock: 88, #vocab+1: 29867
2022-05-11 10:29:22,233 INFO Start graph assembling...
2022-05-11 10:29:51,719 INFO ASSEMBLE: word table #replacement: 20405
2022-05-11 10:29:52,001 INFO Word table init: done!
2022-05-11 10:29:52,001 INFO Model: all_days-11.msgs-1-words-512_word_embed-glove.vmd_in-hedge_alpha-0.5.anneal-0.005.rec-zh_batch-8.opt-adam.lr-0.001-drop-0.3-cell-gru, start a new session!
2022-05-11 10:29:52,001 INFO Epoch: 1/15 start
2022-05-11 10:30:14,063 INFO INIT: #stock: 88, #vocab+1: 29867
2022-05-11 10:30:14,067 INFO Start graph assembling...
2022-05-11 10:30:43,948 INFO ASSEMBLE: word table #replacement: 20405
2022-05-11 10:30:44,240 INFO Word table init: done!
2022-05-11 10:30:44,241 INFO Model: all_days-11.msgs-1-words-512_word_embed-glove.vmd_in-hedge_alpha-0.5.anneal-0.005.rec-zh_batch-8.opt-adam.lr-0.001-drop-0.3-cell-gru, start a new session!
2022-05-11 10:30:44,241 INFO Epoch: 1/15 start
2022-05-11 10:31:10,957 INFO INIT: #stock: 88, #vocab+1: 29867
2022-05-11 10:31:10,960 INFO Start graph assembling...
2022-05-11 10:31:40,592 INFO ASSEMBLE: word table #replacement: 20405
2022-05-11 10:31:40,870 INFO Word table init: done!
2022-05-11 10:31:40,871 INFO Model: all_days-11.msgs-1-words-512_word_embed-glove.vmd_in-hedge_alpha-0.5.anneal-0.005.rec-zh_batch-8.opt-adam.lr-0.001-drop-0.3-cell-gru, start a new session!
2022-05-11 10:31:40,871 INFO Epoch: 1/15 start
2022-05-11 10:32:10,997 INFO INIT: #stock: 88, #vocab+1: 29867
2022-05-11 10:32:11,000 INFO Start graph assembling...
2022-05-11 10:32:40,393 INFO ASSEMBLE: word table #replacement: 20405
2022-05-11 10:32:40,686 INFO Word table init: done!
2022-05-11 10:32:40,687 INFO Model: all_days-11.msgs-1-words-512_word_embed-glove.vmd_in-hedge_alpha-0.5.anneal-0.005.rec-zh_batch-8.opt-adam.lr-0.001-drop-0.3-cell-gru, start a new session!
2022-05-11 10:32:40,687 INFO Epoch: 1/15 start
2022-05-11 10:34:08,339 INFO INIT: #stock: 88, #vocab+1: 29867
2022-05-11 10:34:08,342 INFO Start graph assembling...
2022-05-11 10:34:37,976 INFO ASSEMBLE: word table #replacement: 20405
2022-05-11 10:34:38,314 INFO Word table init: done!
2022-05-11 10:34:38,315 INFO Model: all_days-11.msgs-1-words-512_word_embed-glove.vmd_in-hedge_alpha-0.5.anneal-0.005.rec-zh_batch-8.opt-adam.lr-0.001-drop-0.3-cell-gru, start a new session!
2022-05-11 10:34:38,315 INFO Epoch: 1/15 start
2022-05-11 10:35:23,574 INFO INIT: #stock: 88, #vocab+1: 29867
2022-05-11 10:35:23,576 INFO Start graph assembling...
2022-05-11 10:35:53,337 INFO ASSEMBLE: word table #replacement: 20405
2022-05-11 10:35:53,623 INFO Word table init: done!
2022-05-11 10:35:53,624 INFO Model: all_days-11.msgs-1-words-512_word_embed-glove.vmd_in-hedge_alpha-0.5.anneal-0.005.rec-zh_batch-8.opt-adam.lr-0.001-drop-0.3-cell-gru, start a new session!
2022-05-11 10:35:53,624 INFO Epoch: 1/15 start
2022-05-11 10:36:16,512 INFO INIT: #stock: 88, #vocab+1: 29867
2022-05-11 10:36:16,515 INFO Start graph assembling...
2022-05-11 10:36:46,208 INFO ASSEMBLE: word table #replacement: 20405
2022-05-11 10:36:46,489 INFO Word table init: done!
2022-05-11 10:36:46,490 INFO Model: all_days-11.msgs-1-words-512_word_embed-glove.vmd_in-hedge_alpha-0.5.anneal-0.005.rec-zh_batch-8.opt-adam.lr-0.001-drop-0.3-cell-gru, start a new session!
2022-05-11 10:36:46,490 INFO Epoch: 1/15 start
2022-05-11 10:37:13,070 INFO INIT: #stock: 88, #vocab+1: 29867
2022-05-11 10:37:13,073 INFO Start graph assembling...
2022-05-11 10:37:42,867 INFO ASSEMBLE: word table #replacement: 20405
2022-05-11 10:37:43,153 INFO Word table init: done!
2022-05-11 10:37:43,153 INFO Model: all_days-11.msgs-1-words-512_word_embed-glove.vmd_in-hedge_alpha-0.5.anneal-0.005.rec-zh_batch-8.opt-adam.lr-0.001-drop-0.3-cell-gru, start a new session!
2022-05-11 10:37:43,153 INFO Epoch: 1/15 start
2022-05-11 10:38:02,018 INFO INIT: #stock: 88, #vocab+1: 29867
2022-05-11 10:38:02,021 INFO Start graph assembling...
2022-05-11 10:38:31,668 INFO ASSEMBLE: word table #replacement: 20405
2022-05-11 10:38:31,960 INFO Word table init: done!
2022-05-11 10:38:31,960 INFO Model: all_days-11.msgs-1-words-512_word_embed-glove.vmd_in-hedge_alpha-0.5.anneal-0.005.rec-zh_batch-8.opt-adam.lr-0.001-drop-0.3-cell-gru, start a new session!
2022-05-11 10:38:31,960 INFO Epoch: 1/15 start
2022-05-11 10:40:38,977 INFO INIT: #stock: 88, #vocab+1: 29867
2022-05-11 10:40:38,980 INFO Start graph assembling...
2022-05-11 10:41:09,867 INFO ASSEMBLE: word table #replacement: 20405
2022-05-11 10:41:10,186 INFO Word table init: done!
2022-05-11 10:41:10,187 INFO Model: all_days-11.msgs-1-words-512_word_embed-glove.vmd_in-hedge_alpha-0.5.anneal-0.005.rec-zh_batch-8.opt-adam.lr-0.001-drop-0.3-cell-gru, start a new session!
2022-05-11 10:41:10,187 INFO Epoch: 1/15 start
2022-05-11 12:37:37,735 INFO INIT: #stock: 88, #vocab+1: 29867
2022-05-11 12:37:37,738 INFO Start graph assembling...
2022-05-11 12:38:07,871 INFO ASSEMBLE: word table #replacement: 20405
2022-05-11 12:38:08,152 INFO Word table init: done!
2022-05-11 12:38:08,153 INFO Model: all_days-11.msgs-1-words-100_word_embed-glove.vmd_in-hedge_alpha-0.5.anneal-0.005.rec-zh_batch-8.opt-adam.lr-0.001-drop-0.3-cell-gru, start a new session!
2022-05-11 12:38:08,153 INFO Epoch: 1/15 start
2022-05-11 12:46:37,969 INFO INIT: #stock: 88, #vocab+1: 29867
2022-05-11 12:46:37,972 INFO Start graph assembling...
2022-05-11 12:50:15,657 INFO INIT: #stock: 88, #vocab+1: 29868
2022-05-11 12:50:15,659 INFO Start graph assembling...
2022-05-11 12:50:46,053 INFO ASSEMBLE: word table #replacement: 20405
2022-05-11 12:50:46,364 INFO Word table init: done!
2022-05-11 12:50:46,364 INFO Model: all_days-11.msgs-1-words-100_word_embed-glove.vmd_in-hedge_alpha-0.5.anneal-0.005.rec-zh_batch-8.opt-adam.lr-0.001-drop-0.3-cell-gru, start a new session!
2022-05-11 12:50:46,365 INFO Epoch: 1/15 start
2022-05-11 12:52:02,822 INFO INIT: #stock: 88, #vocab+1: 29868
2022-05-11 12:52:02,826 INFO Start graph assembling...
2022-05-11 12:52:36,687 INFO ASSEMBLE: word table #replacement: 20405
2022-05-11 12:52:36,999 INFO Word table init: done!
2022-05-11 12:52:37,000 INFO Model: all_days-11.msgs-1-words-512_word_embed-glove.vmd_in-hedge_alpha-0.5.anneal-0.005.rec-zh_batch-8.opt-adam.lr-0.001-drop-0.3-cell-gru, start a new session!
2022-05-11 12:52:37,000 INFO Epoch: 1/15 start
2022-05-11 12:53:02,015 INFO INIT: #stock: 88, #vocab+1: 29868
2022-05-11 12:53:02,017 INFO Start graph assembling...
2022-05-11 12:53:32,285 INFO ASSEMBLE: word table #replacement: 20405
2022-05-11 12:53:32,595 INFO Word table init: done!
2022-05-11 12:53:32,595 INFO Model: all_days-11.msgs-1-words-512_word_embed-glove.vmd_in-hedge_alpha-0.5.anneal-0.005.rec-zh_batch-8.opt-adam.lr-0.001-drop-0.3-cell-gru, start a new session!
2022-05-11 12:53:32,595 INFO Epoch: 1/15 start
2022-05-11 12:54:23,316 INFO INIT: #stock: 88, #vocab+1: 29868
2022-05-11 12:54:23,319 INFO Start graph assembling...
2022-05-11 12:54:53,943 INFO ASSEMBLE: word table #replacement: 20405
2022-05-11 12:54:54,243 INFO Word table init: done!
2022-05-11 12:54:54,243 INFO Model: all_days-11.msgs-1-words-512_word_embed-glove.vmd_in-hedge_alpha-0.5.anneal-0.005.rec-zh_batch-8.opt-adam.lr-0.001-drop-0.3-cell-gru, start a new session!
2022-05-11 12:54:54,244 INFO Epoch: 1/15 start
2022-05-11 12:57:00,247 INFO INIT: #stock: 88, #vocab+1: 29868
2022-05-11 12:57:00,251 INFO Start graph assembling...
2022-05-11 12:57:30,855 INFO ASSEMBLE: word table #replacement: 20405
2022-05-11 12:57:31,156 INFO Word table init: done!
2022-05-11 12:57:31,156 INFO Model: all_days-11.msgs-1-words-512_word_embed-glove.vmd_in-hedge_alpha-0.5.anneal-0.005.rec-zh_batch-8.opt-adam.lr-0.001-drop-0.3-cell-gru, start a new session!
2022-05-11 12:57:31,156 INFO Epoch: 1/15 start
2022-05-11 13:02:59,725 INFO INIT: #stock: 88, #vocab+1: 29868
2022-05-11 13:02:59,728 INFO Start graph assembling...
2022-05-11 13:03:31,663 INFO ASSEMBLE: word table #replacement: 20405
2022-05-11 13:03:31,963 INFO Word table init: done!
2022-05-11 13:03:31,964 INFO Model: all_days-11.msgs-1-words-512_word_embed-glove.vmd_in-hedge_alpha-0.5.anneal-0.005.rec-zh_batch-8.opt-adam.lr-0.001-drop-0.3-cell-gru, start a new session!
2022-05-11 13:03:31,964 INFO Epoch: 1/15 start
2022-05-11 13:11:53,469 INFO INIT: #stock: 88, #vocab+1: 29868
2022-05-11 13:11:53,476 INFO Start graph assembling...
2022-05-11 13:12:18,503 INFO INIT: #stock: 88, #vocab+1: 29868
2022-05-11 13:12:18,507 INFO Start graph assembling...
2022-05-11 13:12:42,096 INFO INIT: #stock: 88, #vocab+1: 29868
2022-05-11 13:12:42,100 INFO Start graph assembling...
2022-05-11 13:13:22,276 INFO ASSEMBLE: word table #replacement: 20405
2022-05-11 13:13:22,552 INFO Word table init: done!
2022-05-11 13:13:22,553 INFO Model: all_days-11.msgs-1-words-512_word_embed-glove.vmd_in-hedge_alpha-0.5.anneal-0.005.rec-zh_batch-8.opt-adam.lr-0.001-drop-0.3-cell-gru, start a new session!
2022-05-11 13:13:22,553 INFO Epoch: 1/15 start
2022-05-11 13:14:17,647 INFO INIT: #stock: 88, #vocab+1: 29868
2022-05-11 13:14:17,652 INFO Start graph assembling...
2022-05-11 13:14:56,945 INFO ASSEMBLE: word table #replacement: 20405
2022-05-11 13:14:57,239 INFO Word table init: done!
2022-05-11 13:14:57,239 INFO Model: all_days-11.msgs-1-words-512_word_embed-glove.vmd_in-hedge_alpha-0.5.anneal-0.005.rec-zh_batch-8.opt-adam.lr-0.001-drop-0.3-cell-gru, start a new session!
2022-05-11 13:14:57,240 INFO Epoch: 1/15 start
2022-05-11 13:19:00,744 INFO INIT: #stock: 88, #vocab+1: 29868
2022-05-11 13:19:00,746 INFO Start graph assembling...
2022-05-11 13:19:34,379 INFO ASSEMBLE: word table #replacement: 20405
2022-05-11 13:19:34,661 INFO Word table init: done!
2022-05-11 13:19:34,661 INFO Model: all_days-11.msgs-1-words-512_word_embed-glove.vmd_in-hedge_alpha-0.5.anneal-0.005.rec-zh_batch-8.opt-adam.lr-0.001-drop-0.3-cell-gru, start a new session!
2022-05-11 13:19:34,662 INFO Epoch: 1/15 start
2022-05-11 13:20:24,628 INFO INIT: #stock: 88, #vocab+1: 29868
2022-05-11 13:20:24,632 INFO Start graph assembling...
2022-05-11 13:20:59,371 INFO ASSEMBLE: word table #replacement: 20405
2022-05-11 13:20:59,678 INFO Word table init: done!
2022-05-11 13:20:59,678 INFO Model: all_days-11.msgs-1-words-512_word_embed-glove.vmd_in-hedge_alpha-0.5.anneal-0.005.rec-zh_batch-8.opt-adam.lr-0.001-drop-0.3-cell-gru, start a new session!
2022-05-11 13:20:59,678 INFO Epoch: 1/15 start
2022-05-11 13:24:55,769 INFO INIT: #stock: 88, #vocab+1: 29868
2022-05-11 13:24:55,774 INFO Start graph assembling...
2022-05-11 13:25:27,245 INFO ASSEMBLE: word table #replacement: 20405
2022-05-11 13:25:27,525 INFO Word table init: done!
2022-05-11 13:25:27,525 INFO Model: all_days-11.msgs-1-words-512_word_embed-glove.vmd_in-hedge_alpha-0.5.anneal-0.005.rec-zh_batch-8.opt-adam.lr-0.001-drop-0.3-cell-gru, start a new session!
2022-05-11 13:25:27,525 INFO Epoch: 1/15 start
2022-05-11 13:29:17,692 INFO INIT: #stock: 88, #vocab+1: 29868
2022-05-11 13:29:17,696 INFO Start graph assembling...
2022-05-11 13:29:37,453 INFO INIT: #stock: 88, #vocab+1: 29868
2022-05-11 13:29:37,457 INFO Start graph assembling...
2022-05-11 13:30:25,577 INFO ASSEMBLE: word table #replacement: 20405
2022-05-11 13:30:25,852 INFO Word table init: done!
2022-05-11 13:30:25,852 INFO Model: all_days-11.msgs-1-words-512_word_embed-glove.vmd_in-hedge_alpha-0.5.anneal-0.005.rec-zh_batch-8.opt-adam.lr-0.001-drop-0.3-cell-gru, start a new session!
2022-05-11 13:30:25,852 INFO Epoch: 1/15 start
2022-05-11 13:39:00,418 INFO INIT: #stock: 88, #vocab+1: 29868
2022-05-11 13:39:00,423 INFO Start graph assembling...
2022-05-11 13:39:35,497 INFO INIT: #stock: 88, #vocab+1: 29868
2022-05-11 13:39:35,501 INFO Start graph assembling...
2022-05-11 13:39:52,831 INFO INIT: #stock: 88, #vocab+1: 29868
2022-05-11 13:39:52,843 INFO Start graph assembling...
2022-05-11 13:46:39,739 INFO INIT: #stock: 88, #vocab+1: 29868
2022-05-11 13:46:39,743 INFO Start graph assembling...
2022-05-11 13:47:20,683 INFO INIT: #stock: 88, #vocab+1: 29868
2022-05-11 13:47:20,687 INFO Start graph assembling...
2022-05-11 13:47:35,777 INFO INIT: #stock: 88, #vocab+1: 29868
2022-05-11 13:47:35,781 INFO Start graph assembling...
2022-05-11 13:48:05,432 INFO INIT: #stock: 88, #vocab+1: 29868
2022-05-11 13:48:05,436 INFO Start graph assembling...
2022-05-11 13:49:55,966 INFO INIT: #stock: 88, #vocab+1: 29868
2022-05-11 13:49:55,969 INFO Start graph assembling...
2022-05-11 13:56:06,722 INFO INIT: #stock: 88, #vocab+1: 29868
2022-05-11 13:56:06,726 INFO Start graph assembling...
2022-05-11 13:56:35,391 INFO INIT: #stock: 88, #vocab+1: 29868
2022-05-11 13:56:35,394 INFO Start graph assembling...
2022-05-11 13:58:20,301 INFO INIT: #stock: 88, #vocab+1: 29868
2022-05-11 13:58:20,306 INFO Start graph assembling...
2022-05-11 13:58:41,700 INFO INIT: #stock: 88, #vocab+1: 29868
2022-05-11 13:58:41,705 INFO Start graph assembling...
2022-05-11 13:59:50,167 INFO ASSEMBLE: word table #replacement: 20405
2022-05-11 13:59:52,047 INFO Word table init: done!
2022-05-11 13:59:52,048 INFO Model: all_days-11.msgs-1-words-512_word_embed-glove.vmd_in-hedge_alpha-0.5.anneal-0.005.rec-zh_batch-8.opt-adam.lr-0.001-drop-0.3-cell-gru, start a new session!
2022-05-11 13:59:52,048 INFO Epoch: 1/15 start
2022-05-11 14:00:20,897 INFO INIT: #stock: 88, #vocab+1: 29868
2022-05-11 14:00:20,900 INFO Start graph assembling...
2022-05-11 14:01:11,091 INFO ASSEMBLE: word table #replacement: 20405
2022-05-11 14:01:12,091 INFO Word table init: done!
2022-05-11 14:01:12,091 INFO Model: all_days-11.msgs-1-words-512_word_embed-glove.vmd_in-hedge_alpha-0.5.anneal-0.005.rec-zh_batch-8.opt-adam.lr-0.001-drop-0.3-cell-gru, start a new session!
2022-05-11 14:01:12,091 INFO Epoch: 1/15 start
2022-05-11 14:03:38,158 INFO INIT: #stock: 88, #vocab+1: 29868
2022-05-11 14:03:38,162 INFO Start graph assembling...
2022-05-11 14:04:09,089 INFO INIT: #stock: 88, #vocab+1: 29868
2022-05-11 14:04:09,093 INFO Start graph assembling...
2022-05-11 14:05:03,690 INFO ASSEMBLE: word table #replacement: 20405
2022-05-11 14:05:04,676 INFO Word table init: done!
2022-05-11 14:05:04,676 INFO Model: all_days-11.msgs-1-words-512_word_embed-glove.vmd_in-hedge_alpha-0.5.anneal-0.005.rec-zh_batch-8.opt-adam.lr-0.001-drop-0.3-cell-gru, start a new session!
2022-05-11 14:05:04,676 INFO Epoch: 1/15 start
2022-05-11 14:08:35,099 INFO INIT: #stock: 88, #vocab+1: 29868
2022-05-11 14:08:35,103 INFO Start graph assembling...
2022-05-11 14:10:06,911 INFO ASSEMBLE: word table #replacement: 20405
2022-05-11 14:10:10,095 INFO Word table init: done!
2022-05-11 14:10:10,096 INFO Model: all_days-11.msgs-1-words-512_word_embed-glove.vmd_in-hedge_alpha-0.5.anneal-0.005.rec-zh_batch-8.opt-adam.lr-0.001-drop-0.3-cell-gru, start a new session!
2022-05-11 14:10:10,096 INFO Epoch: 1/15 start
2022-05-11 14:12:30,871 INFO INIT: #stock: 88, #vocab+1: 29868
2022-05-11 14:12:30,875 INFO Start graph assembling...
2022-05-11 14:14:39,541 INFO ASSEMBLE: word table #replacement: 20405
2022-05-11 14:14:42,683 INFO Word table init: done!
2022-05-11 14:14:42,683 INFO Model: all_days-11.msgs-1-words-512_word_embed-glove.vmd_in-hedge_alpha-0.5.anneal-0.005.rec-zh_batch-8.opt-adam.lr-0.001-drop-0.3-cell-gru, start a new session!
2022-05-11 14:14:42,683 INFO Epoch: 1/15 start
2022-05-11 14:15:22,558 INFO INIT: #stock: 88, #vocab+1: 29868
2022-05-11 14:15:22,560 INFO Start graph assembling...
2022-05-11 14:17:11,080 INFO ASSEMBLE: word table #replacement: 20405
2022-05-11 14:17:14,157 INFO Word table init: done!
2022-05-11 14:17:14,157 INFO Model: all_days-11.msgs-1-words-512_word_embed-glove.vmd_in-hedge_alpha-0.5.anneal-0.005.rec-zh_batch-8.opt-adam.lr-0.001-drop-0.3-cell-gru, start a new session!
2022-05-11 14:17:14,157 INFO Epoch: 1/15 start
2022-05-11 14:24:45,481 INFO INIT: #stock: 88, #vocab+1: 29868
2022-05-11 14:24:45,486 INFO Start graph assembling...
2022-05-11 14:26:20,491 INFO ASSEMBLE: word table #replacement: 20405
2022-05-11 14:26:23,601 INFO Word table init: done!
2022-05-11 14:26:23,602 INFO Model: all_days-11.msgs-1-words-512_word_embed-glove.vmd_in-hedge_alpha-0.5.anneal-0.005.rec-zh_batch-8.opt-adam.lr-0.001-drop-0.3-cell-gru, start a new session!
2022-05-11 14:26:23,602 INFO Epoch: 1/15 start
2022-05-11 14:28:25,777 INFO INIT: #stock: 88, #vocab+1: 29868
2022-05-11 14:28:25,782 INFO Start graph assembling...
2022-05-11 14:32:25,522 INFO INIT: #stock: 88, #vocab+1: 29868
2022-05-11 14:32:25,526 INFO Start graph assembling...
2022-05-11 14:42:20,214 INFO INIT: #stock: 88, #vocab+1: 29868
2022-05-11 14:42:20,218 INFO Start graph assembling...
2022-05-11 14:43:34,734 INFO INIT: #stock: 88, #vocab+1: 29868
2022-05-11 14:43:34,739 INFO Start graph assembling...
2022-05-11 14:44:05,779 INFO INIT: #stock: 88, #vocab+1: 29868
2022-05-11 14:44:05,784 INFO Start graph assembling...
2022-05-11 14:45:39,372 INFO ASSEMBLE: word table #replacement: 20405
2022-05-11 14:45:42,563 INFO Word table init: done!
2022-05-11 14:45:42,564 INFO Model: all_days-11.msgs-1-words-512_word_embed-glove.vmd_in-hedge_alpha-0.5.anneal-0.005.rec-zh_batch-8.opt-adam.lr-0.001-drop-0.3-cell-gru, start a new session!
2022-05-11 14:45:42,564 INFO Epoch: 1/15 start
2022-05-15 09:41:22,249 INFO INIT: #stock: 88, #vocab+1: 29868
2022-05-15 09:41:22,252 INFO Start graph assembling...
2022-05-15 09:46:22,520 INFO INIT: #stock: 88, #vocab+1: 29868
2022-05-15 09:46:22,523 INFO Start graph assembling...
2022-05-15 09:46:47,674 INFO Word table init: done!
2022-05-15 09:46:47,674 INFO Model: all_days-11.msgs-1-words-512_word_embed-glove.vmd_in-hedge_alpha-0.5.anneal-0.005.rec-zh_batch-8.opt-adam.lr-0.001-drop-0.3-cell-gru, start a new session!
2022-05-15 09:46:47,674 INFO Epoch: 1/15 start
2022-05-15 09:50:36,394 INFO INIT: #stock: 88, #vocab+1: 29868
2022-05-15 09:50:36,398 INFO Start graph assembling...
2022-05-15 09:56:49,609 INFO INIT: #stock: 88, #vocab+1: 29868
2022-05-15 09:56:49,611 INFO Start graph assembling...
2022-05-15 09:57:13,937 INFO Word table init: done!
2022-05-15 09:57:13,938 INFO Model: all_days-11.msgs-1-words-512_word_embed-glove.vmd_in-hedge_alpha-0.5.anneal-0.005.rec-zh_batch-8.opt-adam.lr-0.001-drop-0.3-cell-gru, start a new session!
2022-05-15 09:57:13,938 INFO Epoch: 1/15 start
2022-05-15 09:59:05,918 INFO INIT: #stock: 88, #vocab+1: 29868
2022-05-15 09:59:05,921 INFO Start graph assembling...
2022-05-15 09:59:31,239 INFO Word table init: done!
2022-05-15 09:59:31,239 INFO Model: all_days-11.msgs-1-words-100_word_embed-glove.vmd_in-hedge_alpha-0.5.anneal-0.005.rec-zh_batch-8.opt-adam.lr-0.001-drop-0.3-cell-gru, start a new session!
2022-05-15 09:59:31,239 INFO Epoch: 1/15 start
2022-05-15 10:00:44,410 INFO INIT: #stock: 88, #vocab+1: 29868
2022-05-15 10:00:44,412 INFO Start graph assembling...
2022-05-15 10:01:08,803 INFO Word table init: done!
2022-05-15 10:01:08,804 INFO Model: all_days-11.msgs-1-words-100_word_embed-glove.vmd_in-hedge_alpha-0.5.anneal-0.005.rec-zh_batch-8.opt-adam.lr-0.001-drop-0.3-cell-gru, start a new session!
2022-05-15 10:01:08,804 INFO Epoch: 1/15 start
2022-05-15 10:03:16,021 INFO INIT: #stock: 88, #vocab+1: 29868
2022-05-15 10:03:16,023 INFO Start graph assembling...
2022-05-15 10:03:56,144 INFO INIT: #stock: 88, #vocab+1: 29868
2022-05-15 10:03:56,147 INFO Start graph assembling...
2022-05-15 10:04:20,210 INFO Word table init: done!
2022-05-15 10:04:20,210 INFO Model: all_days-11.msgs-1-words-100_word_embed-glove.vmd_in-hedge_alpha-0.5.anneal-0.005.rec-zh_batch-8.opt-adam.lr-0.001-drop-0.3-cell-gru, start a new session!
2022-05-15 10:04:20,210 INFO Epoch: 1/15 start
2022-05-15 10:05:15,935 INFO INIT: #stock: 88, #vocab+1: 29868
2022-05-15 10:05:15,938 INFO Start graph assembling...
2022-05-15 10:05:40,329 INFO Word table init: done!
2022-05-15 10:05:40,329 INFO Model: all_days-11.msgs-1-words-100_word_embed-glove.vmd_in-hedge_alpha-0.5.anneal-0.005.rec-zh_batch-8.opt-adam.lr-0.001-drop-0.3-cell-gru, start a new session!
2022-05-15 10:05:40,330 INFO Epoch: 1/15 start
2022-05-15 10:07:56,875 INFO 	iter: 20, batch loss: 7.52515268326, batch acc: 0.750000
2022-05-15 10:09:28,019 INFO INIT: #stock: 88, #vocab+1: 29868
2022-05-15 10:09:28,021 INFO Start graph assembling...
2022-05-15 10:09:51,968 INFO Word table init: done!
2022-05-15 10:09:51,969 INFO Model: all_days-11.msgs-1-words-100_word_embed-glove.vmd_in-hedge_alpha-0.5.anneal-0.005.rec-zh_batch-8.opt-adam.lr-0.001-drop-0.3-cell-gru, start a new session!
2022-05-15 10:09:51,969 INFO Epoch: 1/15 start
2022-05-15 10:12:08,921 INFO 	iter: 20, batch loss: 9.04794597626, batch acc: 0.625000
2022-05-18 13:00:49,057 INFO INIT: #stock: 88, #vocab+1: 29868
2022-05-18 13:02:00,570 INFO INIT: #stock: 88, #vocab+1: 29868
2022-05-18 13:02:16,056 INFO INIT: #stock: 88, #vocab+1: 29868
2022-05-18 13:03:15,427 INFO INIT: #stock: 88, #vocab+1: 29868
2022-05-18 13:04:29,939 INFO INIT: #stock: 88, #vocab+1: 29868
2022-05-18 13:05:54,561 INFO INIT: #stock: 88, #vocab+1: 29868
2022-05-18 13:05:54,820 INFO Start graph assembling...
2022-05-18 13:08:23,233 INFO INIT: #stock: 88, #vocab+1: 29868
2022-05-18 13:08:23,258 INFO Start graph assembling...
2022-05-23 10:45:01,058 INFO INIT: #stock: 88, #vocab+1: 29868
2022-05-23 10:45:01,151 INFO Start graph assembling...
2022-05-23 10:45:28,848 INFO INIT: #stock: 88, #vocab+1: 29868
2022-05-23 10:45:28,866 INFO Start graph assembling...
2022-05-23 10:48:28,622 INFO INIT: #stock: 88, #vocab+1: 29868
2022-05-23 10:48:28,627 INFO Start graph assembling...
2022-05-23 10:49:05,845 INFO INIT: #stock: 88, #vocab+1: 29868
2022-05-23 10:49:05,852 INFO Start graph assembling...
2022-05-23 10:49:37,752 INFO INIT: #stock: 88, #vocab+1: 29868
2022-05-23 10:49:37,761 INFO Start graph assembling...
2022-05-23 10:49:57,574 INFO Model: all_days-11.msgs-1-words-1_word_embed-glove.vmd_in-hedge_alpha-0.5.anneal-0.005.rec-zh_batch-8.opt-adam.lr-0.001-drop-0.3-cell-gru, start a new session!
2022-05-23 10:49:57,579 INFO Epoch: 1/15 start
2022-05-23 10:53:01,885 INFO INIT: #stock: 88, #vocab+1: 29868
2022-05-23 10:53:01,891 INFO Start graph assembling...
2022-05-23 10:53:11,790 INFO Model: all_days-11.msgs-1-words-1_word_embed-glove.vmd_in-hedge_alpha-0.5.anneal-0.005.rec-zh_batch-8.opt-adam.lr-0.001-drop-0.3-cell-gru, start a new session!
2022-05-23 10:53:11,790 INFO Epoch: 1/15 start
2022-05-23 10:58:08,090 INFO INIT: #stock: 88, #vocab+1: 29868
2022-05-23 10:58:08,096 INFO Start graph assembling...
2022-05-23 10:58:18,425 INFO Model: all_days-11.msgs-1-words-1_word_embed-glove.vmd_in-hedge_alpha-0.5.anneal-0.005.rec-zh_batch-8.opt-adam.lr-0.001-drop-0.3-cell-gru, start a new session!
2022-05-23 10:58:18,425 INFO Epoch: 1/15 start
2022-05-23 11:00:05,319 INFO INIT: #stock: 88, #vocab+1: 29868
2022-05-23 11:00:05,328 INFO Start graph assembling...
2022-05-23 11:00:23,366 INFO Model: all_days-11.msgs-1-words-1_word_embed-glove.vmd_in-hedge_alpha-0.5.anneal-0.005.rec-zh_batch-8.opt-adam.lr-0.001-drop-0.3-cell-gru, start a new session!
2022-05-23 11:00:23,366 INFO Epoch: 1/15 start
2022-05-23 11:03:25,415 INFO INIT: #stock: 88, #vocab+1: 29868
2022-05-23 11:03:25,424 INFO Start graph assembling...
2022-05-23 11:03:44,945 INFO Model: all_days-11.msgs-1-words-1_word_embed-glove.vmd_in-hedge_alpha-0.5.anneal-0.005.rec-zh_batch-8.opt-adam.lr-0.001-drop-0.3-cell-gru, start a new session!
2022-05-23 11:03:44,946 INFO Epoch: 1/15 start
2022-05-23 11:05:13,996 INFO INIT: #stock: 88, #vocab+1: 29868
2022-05-23 11:05:14,020 INFO Start graph assembling...
2022-05-23 11:05:39,724 INFO Model: all_days-11.msgs-1-words-1_word_embed-glove.vmd_in-hedge_alpha-0.5.anneal-0.005.rec-zh_batch-8.opt-adam.lr-0.001-drop-0.3-cell-gru, start a new session!
2022-05-23 11:05:39,724 INFO Epoch: 1/15 start
2022-05-23 11:05:49,787 INFO 	iter: 20, batch loss: 5.060266017913818, batch acc: 0.375000
